0 info it worked if it ends with ok
1 verbose cli [ '/usr/bin/nodejs', '/usr/bin/npm', 'do', 'webpack' ]
2 info using npm@4.0.5
3 info using node@v6.9.1
4 silly docs [ 'webpack' ]
5 silly getDoc webpack
6 silly fetchPackageMetaData webpack
7 silly fetchNamedPackageData webpack
8 silly mapToRegistry name webpack
9 silly mapToRegistry using default registry
10 silly mapToRegistry registry https://registry.npmjs.org/
11 silly mapToRegistry data Result {
11 silly mapToRegistry   raw: 'webpack',
11 silly mapToRegistry   scope: null,
11 silly mapToRegistry   escapedName: 'webpack',
11 silly mapToRegistry   name: 'webpack',
11 silly mapToRegistry   rawSpec: '',
11 silly mapToRegistry   spec: 'latest',
11 silly mapToRegistry   type: 'tag' }
12 silly mapToRegistry uri https://registry.npmjs.org/webpack
13 verbose request uri https://registry.npmjs.org/webpack
14 verbose request no auth needed
15 info attempt registry request try #1 at 6:40:45 AM
16 verbose request id 7dc613e44e0aa52c
17 verbose etag W/"5876528f-d8749"
18 verbose lastModified Wed, 11 Jan 2017 15:43:11 GMT
19 http request GET https://registry.npmjs.org/webpack
20 http 304 https://registry.npmjs.org/webpack
21 verbose headers { date: 'Fri, 13 Jan 2017 06:40:51 GMT',
21 verbose headers   via: '1.1 varnish',
21 verbose headers   'cache-control': 'max-age=300',
21 verbose headers   etag: 'W/"5876528f-d8749"',
21 verbose headers   age: '230',
21 verbose headers   connection: 'keep-alive',
21 verbose headers   'x-served-by': 'cache-ord1720-ORD',
21 verbose headers   'x-cache': 'HIT',
21 verbose headers   'x-cache-hits': '4',
21 verbose headers   'x-timer': 'S1484289651.002060,VS0,VE0',
21 verbose headers   vary: 'Accept-Encoding' }
22 silly get cb [ 304,
22 silly get   { date: 'Fri, 13 Jan 2017 06:40:51 GMT',
22 silly get     via: '1.1 varnish',
22 silly get     'cache-control': 'max-age=300',
22 silly get     etag: 'W/"5876528f-d8749"',
22 silly get     age: '230',
22 silly get     connection: 'keep-alive',
22 silly get     'x-served-by': 'cache-ord1720-ORD',
22 silly get     'x-cache': 'HIT',
22 silly get     'x-cache-hits': '4',
22 silly get     'x-timer': 'S1484289651.002060,VS0,VE0',
22 silly get     vary: 'Accept-Encoding' } ]
23 verbose etag https://registry.npmjs.org/webpack from cache
24 verbose get saving webpack to /home/vagrant/.npm/registry.npmjs.org/webpack/.cache.json
25 verbose correctMkdir /home/vagrant/.npm correctMkdir not in flight; initializing
26 verbose stack Error: spawn xdg-open ENOENT
26 verbose stack     at exports._errnoException (util.js:1026:11)
26 verbose stack     at Process.ChildProcess._handle.onexit (internal/child_process.js:193:32)
26 verbose stack     at onErrorNT (internal/child_process.js:359:16)
26 verbose stack     at _combinedTickCallback (internal/process/next_tick.js:74:11)
26 verbose stack     at process._tickCallback (internal/process/next_tick.js:98:9)
27 verbose cwd /home/vagrant/Code/laravel
28 error Linux 4.4.0-51-generic
29 error argv "/usr/bin/nodejs" "/usr/bin/npm" "do" "webpack"
30 error node v6.9.1
31 error npm  v4.0.5
32 error path xdg-open
33 error code ENOENT
34 error errno ENOENT
35 error syscall spawn xdg-open
36 error enoent spawn xdg-open ENOENT
37 error enoent spawn xdg-open ENOENT
37 error enoent This is most likely not a problem with npm itself
37 error enoent and is related to npm not being able to find a file.
38 verbose exit [ 1, true ]
